<?xml version="1.0" encoding="UTF-8"?>
<testsuite xmlns:xsi="http://www.w3.org/2001/XMLSchema-instance" xsi:noNamespaceSchemaLocation="https://maven.apache.org/surefire/maven-surefire-plugin/xsd/surefire-test-report-3.0.xsd" version="3.0" name="uk.ac.ucl.jsh.JshTest" time="0.077" tests="1" errors="1" skipped="0" failures="0">
  <properties>
[...]
</properties>
  <testcase name="testJsh" classname="uk.ac.ucl.jsh.JshTest" time="0.029">
    <error message="echo: unknown application" type="java.lang.RuntimeException">java.lang.RuntimeException: echo: unknown application
	at uk.ac.ucl.jsh.JshTest.testJsh(JshTest.java:19)
</error>
  </testcase>
</testsuite>